<?xml version="1.0" encoding="UTF-8"?>
<testng-results skipped="1" failed="1" total="7" passed="5">
  <reporter-output>
  </reporter-output>
  <suite name="Test Suite" duration-ms="12075" started-at="2015-02-19T05:49:09Z" finished-at="2015-02-19T05:49:21Z">
    <groups>
    </groups>
    <test name="Test name 1" duration-ms="964" started-at="2015-02-19T05:49:09Z" finished-at="2015-02-19T05:49:10Z">
      <class name="TestNGOnePackage.ClassOne">
        <test-method status="SKIP" signature="SkipTest()[pri:0, instance:TestNGOnePackage.ClassOne@1e4715f8]" name="SkipTest" duration-ms="267" started-at="2015-02-18T21:49:09Z" finished-at="2015-02-18T21:49:09Z">
          <exception class="org.testng.SkipException">
            <message>
              <![CDATA[Skip Test is skipped because title doesn not match]]>
            </message>
            <full-stacktrace>
              <![CDATA[org.testng.SkipException: Skip Test is skipped because title doesn not match
	at TestNGOnePackage.ClassOne.SkipTest(ClassOne.java:29)
	at sun.reflect.NativeMethodAccessorImpl.invoke0(Native Method)
	at sun.reflect.NativeMethodAccessorImpl.invoke(NativeMethodAccessorImpl.java:57)
	at sun.reflect.DelegatingMethodAccessorImpl.invoke(DelegatingMethodAccessorImpl.java:43)
	at java.lang.reflect.Method.invoke(Method.java:606)
	at org.testng.internal.MethodInvocationHelper.invokeMethod(MethodInvocationHelper.java:84)
	at org.testng.internal.Invoker.invokeMethod(Invoker.java:714)
	at org.testng.internal.Invoker.invokeTestMethod(Invoker.java:901)
	at org.testng.internal.Invoker.invokeTestMethods(Invoker.java:1231)
	at org.testng.internal.TestMethodWorker.invokeTestMethods(TestMethodWorker.java:127)
	at org.testng.internal.TestMethodWorker.run(TestMethodWorker.java:111)
	at org.testng.TestRunner.privateRun(TestRunner.java:767)
	at org.testng.TestRunner.run(TestRunner.java:617)
	at org.testng.SuiteRunner.runTest(SuiteRunner.java:334)
	at org.testng.SuiteRunner.runSequentially(SuiteRunner.java:329)
	at org.testng.SuiteRunner.privateRun(SuiteRunner.java:291)
	at org.testng.SuiteRunner.run(SuiteRunner.java:240)
	at org.testng.SuiteRunnerWorker.runSuite(SuiteRunnerWorker.java:52)
	at org.testng.SuiteRunnerWorker.run(SuiteRunnerWorker.java:86)
	at org.testng.TestNG.runSuitesSequentially(TestNG.java:1224)
	at org.testng.TestNG.runSuitesLocally(TestNG.java:1149)
	at org.testng.TestNG.run(TestNG.java:1057)
	at org.testng.remote.RemoteTestNG.run(RemoteTestNG.java:111)
	at org.testng.remote.RemoteTestNG.initAndRun(RemoteTestNG.java:204)
	at org.testng.remote.RemoteTestNG.main(RemoteTestNG.java:175)
]]>
            </full-stacktrace>
          </exception> <!-- org.testng.SkipException -->
          <reporter-output>
          </reporter-output>
        </test-method> <!-- SkipTest -->
        <test-method status="PASS" signature="CloseBrowser()[pri:0, instance:TestNGOnePackage.ClassOne@1e4715f8]" name="CloseBrowser" is-config="true" duration-ms="676" started-at="2015-02-18T21:49:09Z" finished-at="2015-02-18T21:49:10Z">
          <reporter-output>
          </reporter-output>
        </test-method> <!-- CloseBrowser -->
        <test-method status="PASS" signature="afterTest()[pri:0, instance:TestNGOnePackage.ClassTwo@44d0d6fd]" name="afterTest" is-config="true" duration-ms="0" started-at="2015-02-18T21:49:10Z" finished-at="2015-02-18T21:49:10Z">
          <reporter-output>
          </reporter-output>
        </test-method> <!-- afterTest -->
      </class> <!-- TestNGOnePackage.ClassOne -->
      <class name="TestNGOnePackage.ClassTwo">
        <test-method status="PASS" signature="beforeTest()[pri:0, instance:TestNGOnePackage.ClassTwo@44d0d6fd]" name="beforeTest" is-config="true" duration-ms="0" started-at="2015-02-18T21:49:09Z" finished-at="2015-02-18T21:49:09Z">
          <reporter-output>
          </reporter-output>
        </test-method> <!-- beforeTest -->
        <test-method status="PASS" signature="beforeClass()[pri:0, instance:TestNGOnePackage.ClassTwo@44d0d6fd]" name="beforeClass" is-config="true" duration-ms="0" started-at="2015-02-18T21:49:09Z" finished-at="2015-02-18T21:49:09Z">
          <reporter-output>
          </reporter-output>
        </test-method> <!-- beforeClass -->
        <test-method status="FAIL" signature="f(java.lang.Integer, java.lang.String)[pri:0, instance:TestNGOnePackage.ClassTwo@44d0d6fd]" name="f" duration-ms="0" started-at="2015-02-18T21:49:09Z" finished-at="2015-02-18T21:49:09Z">
          <exception class="org.testng.TestNGException">
            <message>
              <![CDATA[
Method f requires 2 parameters but 0 were supplied in the @Test annotation.]]>
            </message>
            <full-stacktrace>
              <![CDATA[org.testng.TestNGException: 
Method f requires 2 parameters but 0 were supplied in the @Test annotation.
	at org.testng.internal.Parameters.checkParameterTypes(Parameters.java:198)
	at org.testng.internal.Parameters.createParameters(Parameters.java:134)
	at org.testng.internal.Parameters.createParameters(Parameters.java:373)
	at org.testng.internal.Parameters.handleParameters(Parameters.java:450)
	at org.testng.internal.Invoker.handleParameters(Invoker.java:1383)
	at org.testng.internal.Invoker.createParameters(Invoker.java:1075)
	at org.testng.internal.Invoker.invokeTestMethods(Invoker.java:1180)
	at org.testng.internal.TestMethodWorker.invokeTestMethods(TestMethodWorker.java:127)
	at org.testng.internal.TestMethodWorker.run(TestMethodWorker.java:111)
	at org.testng.TestRunner.privateRun(TestRunner.java:767)
	at org.testng.TestRunner.run(TestRunner.java:617)
	at org.testng.SuiteRunner.runTest(SuiteRunner.java:334)
	at org.testng.SuiteRunner.runSequentially(SuiteRunner.java:329)
	at org.testng.SuiteRunner.privateRun(SuiteRunner.java:291)
	at org.testng.SuiteRunner.run(SuiteRunner.java:240)
	at org.testng.SuiteRunnerWorker.runSuite(SuiteRunnerWorker.java:52)
	at org.testng.SuiteRunnerWorker.run(SuiteRunnerWorker.java:86)
	at org.testng.TestNG.runSuitesSequentially(TestNG.java:1224)
	at org.testng.TestNG.runSuitesLocally(TestNG.java:1149)
	at org.testng.TestNG.run(TestNG.java:1057)
	at org.testng.remote.RemoteTestNG.run(RemoteTestNG.java:111)
	at org.testng.remote.RemoteTestNG.initAndRun(RemoteTestNG.java:204)
	at org.testng.remote.RemoteTestNG.main(RemoteTestNG.java:175)
]]>
            </full-stacktrace>
          </exception> <!-- org.testng.TestNGException -->
          <reporter-output>
          </reporter-output>
        </test-method> <!-- f -->
        <test-method status="PASS" signature="afterClass()[pri:0, instance:TestNGOnePackage.ClassTwo@44d0d6fd]" name="afterClass" is-config="true" duration-ms="1" started-at="2015-02-18T21:49:09Z" finished-at="2015-02-18T21:49:09Z">
          <reporter-output>
          </reporter-output>
        </test-method> <!-- afterClass -->
      </class> <!-- TestNGOnePackage.ClassTwo -->
    </test> <!-- Test name 1 -->
    <test name="Test name 2" duration-ms="11076" started-at="2015-02-19T05:49:10Z" finished-at="2015-02-19T05:49:21Z">
      <class name="TestNGTwoPackage.TestOne">
        <test-method status="PASS" signature="f()[pri:0, instance:TestNGTwoPackage.TestOne@2dd9fc92]" name="f" duration-ms="4481" started-at="2015-02-18T21:49:10Z" finished-at="2015-02-18T21:49:15Z">
          <reporter-output>
          </reporter-output>
        </test-method> <!-- f -->
        <test-method status="PASS" signature="afterTest()[pri:0, instance:TestNGTwoPackage.TestOne@2dd9fc92]" name="afterTest" is-config="true" duration-ms="5625" started-at="2015-02-18T21:49:15Z" finished-at="2015-02-18T21:49:20Z">
          <reporter-output>
          </reporter-output>
        </test-method> <!-- afterTest -->
        <test-method status="PASS" signature="close()[pri:0, instance:TestNGTwoPackage.TestTwo@53944f2c]" name="close" is-config="true" duration-ms="955" started-at="2015-02-18T21:49:20Z" finished-at="2015-02-18T21:49:21Z">
          <reporter-output>
          </reporter-output>
        </test-method> <!-- close -->
      </class> <!-- TestNGTwoPackage.TestOne -->
      <class name="TestNGTwoPackage.TestTwo">
        <test-method status="PASS" signature="Test4()[pri:0, instance:TestNGTwoPackage.TestTwo@53944f2c]" name="Test4" duration-ms="1" started-at="2015-02-18T21:49:15Z" finished-at="2015-02-18T21:49:15Z">
          <reporter-output>
          </reporter-output>
        </test-method> <!-- Test4 -->
        <test-method status="PASS" signature="Test3()[pri:0, instance:TestNGTwoPackage.TestTwo@53944f2c]" name="Test3" duration-ms="1" started-at="2015-02-18T21:49:15Z" finished-at="2015-02-18T21:49:15Z">
          <reporter-output>
          </reporter-output>
        </test-method> <!-- Test3 -->
        <test-method status="PASS" signature="Test2()[pri:0, instance:TestNGTwoPackage.TestTwo@53944f2c]" name="Test2" duration-ms="1" started-at="2015-02-18T21:49:15Z" finished-at="2015-02-18T21:49:15Z">
          <reporter-output>
          </reporter-output>
        </test-method> <!-- Test2 -->
        <test-method status="PASS" signature="Test1()[pri:0, instance:TestNGTwoPackage.TestTwo@53944f2c]" name="Test1" duration-ms="1" started-at="2015-02-18T21:49:15Z" finished-at="2015-02-18T21:49:15Z">
          <reporter-output>
          </reporter-output>
        </test-method> <!-- Test1 -->
      </class> <!-- TestNGTwoPackage.TestTwo -->
      <class name="TestNGOnePackage.ClassTwo">
        <test-method status="PASS" signature="beforeSuite()[pri:0, instance:TestNGOnePackage.ClassTwo@44d0d6fd]" name="beforeSuite" is-config="true" duration-ms="9" started-at="2015-02-18T21:49:09Z" finished-at="2015-02-18T21:49:09Z">
          <reporter-output>
          </reporter-output>
        </test-method> <!-- beforeSuite -->
        <test-method status="PASS" signature="afterSuite()[pri:0, instance:TestNGOnePackage.ClassTwo@44d0d6fd]" name="afterSuite" is-config="true" duration-ms="1" started-at="2015-02-18T21:49:21Z" finished-at="2015-02-18T21:49:21Z">
          <reporter-output>
          </reporter-output>
        </test-method> <!-- afterSuite -->
      </class> <!-- TestNGOnePackage.ClassTwo -->
    </test> <!-- Test name 2 -->
  </suite> <!-- Test Suite -->
</testng-results>
